got to here okanother testuser is rootuser is rootuser is rootThe number is: 0The number is: 1The number is: 2The number is: 3The number is: 4The number is: 5The number is: 6The number is: 7The number is: 8The number is: 9The number is: 10user is rootThe number is: 0
The number is: 1
The number is: 2
The number is: 3
The number is: 4
The number is: 5
The number is: 6
The number is: 7
The number is: 8
The number is: 9
The number is: 10
user is rootThe number is: 0
The number is: 1
The number is: 2
The number is: 3
The number is: 4
The number is: 5
The number is: 6
The number is: 7
The number is: 8
The number is: 9
The number is: 10
user is rootThe number is: 0
The number is: 1
The number is: 2
The number is: 3
The number is: 4
The number is: 5
The number is: 6
The number is: 7
The number is: 8
The number is: 9
The number is: 10
user is rootThe number is: 0
The number is: 1
The number is: 2
The number is: 3
The number is: 4
The number is: 5
The number is: 6
The number is: 7
The number is: 8
The number is: 9
The number is: 10
Hello worlduser is rootThe number is: 0
The number is: 1
The number is: 2
The number is: 3
The number is: 4
The number is: 5
The number is: 6
The number is: 7
The number is: 8
The number is: 9
The number is: 10
Hello world
user is rootThe number is: 0
The number is: 1
The number is: 2
The number is: 3
The number is: 4
The number is: 5
The number is: 6
The number is: 7
The number is: 8
The number is: 9
The number is: 10
Hello world
user is rootThe number is: 0
The number is: 1
The number is: 2
The number is: 3
The number is: 4
The number is: 5
The number is: 6
The number is: 7
The number is: 8
The number is: 9
The number is: 10
Hello world
user is rootThe number is: 0
The number is: 1
The number is: 2
The number is: 3
The number is: 4
The number is: 5
The number is: 6
The number is: 7
The number is: 8
The number is: 9
The number is: 10
Hello world
user is rootThe number is: 0
The number is: 1
The number is: 2
The number is: 3
The number is: 4
The number is: 5
The number is: 6
The number is: 7
The number is: 8
The number is: 9
The number is: 10
Hello world
line 4 (check.php) testing!
line 4 (check.php) testing!
line 5 (check.php) Array
(
    [0] => Volvo
    [1] => BMW
    [2] => Toyota
)

line 5 (check.php) Array
(
    [0] => Volvo
    [1] => BMW
    [2] => Toyota
)

line 7 (check.php) cars length is 3
line 4 (check.php) testing!
line 4 (check.php) testing!
line 4 (check.php) testing!
line 9 (check.php) Volvo
line 9 (check.php) BMW
line 9 (check.php) Toyota
line 4 (check.php) testing!
line 4 (check.php) testing!
line 4 (check.php) testing!
line 4 (form-reply.php) form is working
line 4 (form-reply.php) form is working
line 6 (form-reply.php) Array
(
    [name] => 
    [email] => 
)

line 4 (form-reply.php) form is working
line 6 (form-reply.php) Array
(
    [name] => 
    [email] => 
)

line 4 (form-reply.php) form is working
line 6 (form-reply.php) Array
(
    [name] => 
    [email] => 
)

line 4 (form-reply.php) form is working
line 6 (form-reply.php) Array
(
    [name] => 
    [email] => 
)

line 4 (form-reply.php) form is working
line 6 (form-reply.php) Array
(
    [name] => 
    [email] => 
)

line 4 (form-reply.php) form is working
line 6 (form-reply.php) Array
(
    [name] => 
    [email] => 
)

line 4 (form-reply.php) form is working
line 6 (form-reply.php) Array
(
    [name] => 
    [email] => 
)

line 4 (form-reply.php) form is working
line 6 (form-reply.php) Array
(
    [name] => 
    [email] => 
)

line 4 (form-reply.php) form is working
line 6 (form-reply.php) Array
(
    [name] => 
    [email] => 
)

line 4 (form-reply.php) form is working
line 6 (form-reply.php) Array
(
    [name] => 
    [email] => 
)

line 4 (form-reply.php) form is working
line 6 (form-reply.php) Array
(
    [name] => 
    [email] => 
)

line 4 (form-reply.php) form is working
line 6 (form-reply.php) Array
(
    [name] => 
    [email] => 
)

line 4 (form-reply.php) form is working
line 6 (form-reply.php) Array
(
    [name] => 
    [email] => 
)

line 4 (form-reply.php) form is working
line 6 (form-reply.php) Array
(
    [name] => 
    [email] => 
)

line 4 (form-reply.php) form is working
line 6 (form-reply.php) Array
(
    [name] => 
    [email] => 
)

line 4 (form-reply.php) form is working
line 6 (form-reply.php) Array
(
    [name] => 
    [email] => 
)

line 4 (form-reply.php) form is working
line 6 (form-reply.php) Array
(
    [name] => 
    [email] => 
)

line 4 (form-reply.php) form is working
Line 6 in form-reply.php, Use of undefined constant POST - assumed 'POST'  (ErrorException)line 4 (form-reply.php) form is working
Line 6 in form-reply.php, Use of undefined constant POST - assumed 'POST'  (ErrorException)line 4 (form-reply.php) form is working
Line 6 in form-reply.php, Use of undefined constant POST - assumed 'POST'  (ErrorException)line 4 (form-reply.php) form is working
Line 6 in form-reply.php, Use of undefined constant POST - assumed 'POST'  (ErrorException)line 4 (form-reply.php) form is working
Line 6 in form-reply.php, Use of undefined constant POST - assumed 'POST'  (ErrorException)line 4 (form-reply.php) form is working
line 6 (form-reply.php) Array
(
)

line 4 (form-reply.php) form is working
line 6 (form-reply.php) Array
(
)

line 4 (form-reply.php) form is working
line 6 (form-reply.php) Array
(
)

line 4 (form-reply.php) form is working
line 6 (form-reply.php) Array
(
)

line 4 (form-reply.php) form is working
line 6 (form-reply.php) Array
(
)

line 4 (form-reply.php) form is working
line 6 (form-reply.php) Array
(
)

line 4 (form-reply.php) form is working
line 6 (form-reply.php) Array
(
)

line 4 (form-reply.php) form is working
line 6 (form-reply.php) Array
(
)

line 4 (form-reply.php) form is working
line 6 (form-reply.php) Array
(
)

line 4 (form-reply.php) form is working
line 6 (form-reply.php) Array
(
)

line 4 (form-reply.php) form is working
line 6 (form-reply.php) Array
(
)

line 4 (form-reply.php) form is working
line 6 (form-reply.php) Array
(
    [name] => bob
    [email] => bo@bob
)

line 4 (form-reply.php) form is working
line 6 (form-reply.php) Array
(
    [name] => bob
    [email] => bo@bob
)

line 4 (form-reply.php) form is working
line 6 (form-reply.php) Array
(
    [name] => bill
    [email] => bill
)

line 4 (form-reply.php) form is working
line 6 (form-reply.php) Array
(
    [name] => bill
    [email] => bill
)

